Connecting to database specified by database.yml


Started GET "/admin/items" for 127.0.0.1 at 2015-03-12 17:04:06 -0700
Processing by Admin::ItemsController#index as HTML
Completed 500 Internal Server Error in 53.9ms

ActiveRecord::StatementInvalid (Could not find table 'users'):
  activerecord (3.2.16) lib/active_record/connection_adapters/sqlite_adapter.rb:472:in `table_structure'
  activerecord (3.2.16) lib/active_record/connection_adapters/sqlite_adapter.rb:346:in `columns'
  activerecord (3.2.16) lib/active_record/connection_adapters/schema_cache.rb:12:in `block in initialize'
  activerecord (3.2.16) lib/active_record/model_schema.rb:229:in `yield'
  activerecord (3.2.16) lib/active_record/model_schema.rb:229:in `default'
  activerecord (3.2.16) lib/active_record/model_schema.rb:229:in `columns'
  activerecord (3.2.16) lib/active_record/model_schema.rb:238:in `columns_hash'
  activerecord (3.2.16) lib/active_record/locking/optimistic.rb:131:in `locking_enabled?'
  activerecord (3.2.16) lib/active_record/relation.rb:170:in `exec_queries'
  activerecord (3.2.16) lib/active_record/relation.rb:160:in `block in to_a'
  activerecord (3.2.16) lib/active_record/explain.rb:34:in `logging_query_plan'
  activerecord (3.2.16) lib/active_record/relation.rb:159:in `to_a'
  activerecord (3.2.16) lib/active_record/relation/finder_methods.rb:381:in `find_first'
  activerecord (3.2.16) lib/active_record/relation/finder_methods.rb:122:in `first'
  orm_adapter (0.5.0) lib/orm_adapter/adapters/active_record.rb:17:in `get'
  devise (3.4.1) lib/devise/models/authenticatable.rb:214:in `serialize_from_session'
  devise (3.4.1) lib/devise.rb:467:in `block (2 levels) in configure_warden!'
  warden (1.2.3) lib/warden/session_serializer.rb:34:in `fetch'
  warden (1.2.3) lib/warden/proxy.rb:212:in `user'
  warden (1.2.3) lib/warden/proxy.rb:318:in `_perform_authentication'
  warden (1.2.3) lib/warden/proxy.rb:127:in `authenticate!'
  devise (3.4.1) lib/devise/controllers/helpers.rb:112:in `authenticate_user!'
  activesupport (3.2.16) lib/active_support/callbacks.rb:418:in `_run__2246121584637686770__process_action__823491488765844616__callbacks'
  activesupport (3.2.16) lib/active_support/callbacks.rb:405:in `__run_callback'
  activesupport (3.2.16) lib/active_support/callbacks.rb:385:in `_run_process_action_callbacks'
  activesupport (3.2.16) lib/active_support/callbacks.rb:81:in `run_callbacks'
  actionpack (3.2.16) lib/abstract_controller/callbacks.rb:17:in `process_action'
  actionpack (3.2.16) lib/action_controller/metal/rescue.rb:29:in `process_action'
  actionpack (3.2.16) lib/action_controller/metal/instrumentation.rb:30:in `block in process_action'
  activesupport (3.2.16) lib/active_support/notifications.rb:123:in `block in instrument'
  activesupport (3.2.16) lib/active_support/notifications/instrumenter.rb:20:in `instrument'
  activesupport (3.2.16) lib/active_support/notifications.rb:123:in `instrument'
  actionpack (3.2.16) lib/action_controller/metal/instrumentation.rb:29:in `process_action'
  actionpack (3.2.16) lib/action_controller/metal/params_wrapper.rb:207:in `process_action'
  activerecord (3.2.16) lib/active_record/railties/controller_runtime.rb:18:in `process_action'
  actionpack (3.2.16) lib/abstract_controller/base.rb:121:in `process'
  actionpack (3.2.16) lib/abstract_controller/rendering.rb:45:in `process'
  actionpack (3.2.16) lib/action_controller/metal.rb:203:in `dispatch'
  actionpack (3.2.16) lib/action_controller/metal/rack_delegation.rb:14:in `dispatch'
  actionpack (3.2.16) lib/action_controller/metal.rb:246:in `block in action'
  actionpack (3.2.16) lib/action_dispatch/routing/route_set.rb:73:in `call'
  actionpack (3.2.16) lib/action_dispatch/routing/route_set.rb:73:in `dispatch'
  actionpack (3.2.16) lib/action_dispatch/routing/route_set.rb:36:in `call'
  journey (1.0.4) lib/journey/router.rb:68:in `block in call'
  journey (1.0.4) lib/journey/router.rb:56:in `each'
  journey (1.0.4) lib/journey/router.rb:56:in `call'
  actionpack (3.2.16) lib/action_dispatch/routing/route_set.rb:608:in `call'
  warden (1.2.3) lib/warden/manager.rb:35:in `block in call'
  warden (1.2.3) lib/warden/manager.rb:34:in `catch'
  warden (1.2.3) lib/warden/manager.rb:34:in `call'
  actionpack (3.2.16) lib/action_dispatch/middleware/best_standards_support.rb:17:in `call'
  rack (1.4.5) lib/rack/etag.rb:23:in `call'
  rack (1.4.5) lib/rack/conditionalget.rb:25:in `call'
  actionpack (3.2.16) lib/action_dispatch/middleware/head.rb:14:in `call'
  actionpack (3.2.16) lib/action_dispatch/middleware/params_parser.rb:21:in `call'
  actionpack (3.2.16) lib/action_dispatch/middleware/flash.rb:242:in `call'
  rack (1.4.5) lib/rack/session/abstract/id.rb:210:in `context'
  rack (1.4.5) lib/rack/session/abstract/id.rb:205:in `call'
  actionpack (3.2.16) lib/action_dispatch/middleware/cookies.rb:341:in `call'
  activerecord (3.2.16) lib/active_record/query_cache.rb:64:in `call'
  activerecord (3.2.16) lib/active_record/connection_adapters/abstract/connection_pool.rb:479:in `call'
  actionpack (3.2.16) lib/action_dispatch/middleware/callbacks.rb:28:in `block in call'
  activesupport (3.2.16) lib/active_support/callbacks.rb:405:in `_run__3156709714349713289__call__3620848643019907995__callbacks'
  activesupport (3.2.16) lib/active_support/callbacks.rb:405:in `__run_callback'
  activesupport (3.2.16) lib/active_support/callbacks.rb:385:in `_run_call_callbacks'
  activesupport (3.2.16) lib/active_support/callbacks.rb:81:in `run_callbacks'
  actionpack (3.2.16) lib/action_dispatch/middleware/callbacks.rb:27:in `call'
  actionpack (3.2.16) lib/action_dispatch/middleware/reloader.rb:65:in `call'
  actionpack (3.2.16) lib/action_dispatch/middleware/remote_ip.rb:31:in `call'
  actionpack (3.2.16) lib/action_dispatch/middleware/debug_exceptions.rb:16:in `call'
  actionpack (3.2.16) lib/action_dispatch/middleware/show_exceptions.rb:56:in `call'
  railties (3.2.16) lib/rails/rack/logger.rb:32:in `call_app'
  railties (3.2.16) lib/rails/rack/logger.rb:16:in `block in call'
  activesupport (3.2.16) lib/active_support/tagged_logging.rb:22:in `tagged'
  railties (3.2.16) lib/rails/rack/logger.rb:16:in `call'
  actionpack (3.2.16) lib/action_dispatch/middleware/request_id.rb:22:in `call'
  rack (1.4.5) lib/rack/methodoverride.rb:21:in `call'
  rack (1.4.5) lib/rack/runtime.rb:17:in `call'
  activesupport (3.2.16) lib/active_support/cache/strategy/local_cache.rb:72:in `call'
  rack (1.4.5) lib/rack/lock.rb:15:in `call'
  actionpack (3.2.16) lib/action_dispatch/middleware/static.rb:63:in `call'
  railties (3.2.16) lib/rails/engine.rb:484:in `call'
  railties (3.2.16) lib/rails/application.rb:231:in `call'
  rack (1.4.5) lib/rack/content_length.rb:14:in `call'
  railties (3.2.16) lib/rails/rack/log_tailer.rb:17:in `call'
  rack (1.4.5) lib/rack/handler/webrick.rb:59:in `service'
  /Users/satinderalag/.rvm/rubies/ruby-1.9.3-p551/lib/ruby/1.9.1/webrick/httpserver.rb:138:in `service'
  /Users/satinderalag/.rvm/rubies/ruby-1.9.3-p551/lib/ruby/1.9.1/webrick/httpserver.rb:94:in `run'
  /Users/satinderalag/.rvm/rubies/ruby-1.9.3-p551/lib/ruby/1.9.1/webrick/server.rb:191:in `block in start_thread'


  Rendered /Users/satinderalag/.rvm/gems/ruby-1.9.3-p551@rails-3.2.16/gems/actionpack-3.2.16/lib/action_dispatch/middleware/templates/rescues/_trace.erb (1.4ms)
  Rendered /Users/satinderalag/.rvm/gems/ruby-1.9.3-p551@rails-3.2.16/gems/actionpack-3.2.16/lib/action_dispatch/middleware/templates/rescues/_request_and_response.erb (0.8ms)
  Rendered /Users/satinderalag/.rvm/gems/ruby-1.9.3-p551@rails-3.2.16/gems/actionpack-3.2.16/lib/action_dispatch/middleware/templates/rescues/diagnostics.erb within rescues/layout (13.2ms)
Connecting to database specified by database.yml
  [1m[36m (0.2ms)[0m  [1mselect sqlite_version(*)[0m
  [1m[35m (1.0ms)[0m  CREATE TABLE "schema_migrations" ("version" varchar(255) NOT NULL) 
  [1m[36m (1.1ms)[0m  [1mCREATE UNIQUE INDEX "unique_schema_migrations" ON "schema_migrations" ("version")[0m
  [1m[35m (1.8ms)[0m  SELECT "schema_migrations"."version" FROM "schema_migrations" 
Migrating to DeviseCreateUsers (20150228014330)
  [1m[36m (0.0ms)[0m  [1mbegin transaction[0m
  [1m[35m (0.4ms)[0m  CREATE TABLE "users" ("id" INTEGER PRIMARY KEY AUTOINCREMENT NOT NULL, "email" varchar(255) DEFAULT '' NOT NULL, "encrypted_password" varchar(255) DEFAULT '' NOT NULL, "reset_password_token" varchar(255), "reset_password_sent_at" datetime, "remember_created_at" datetime, "sign_in_count" integer DEFAULT 0 NOT NULL, "current_sign_in_at" datetime, "last_sign_in_at" datetime, "current_sign_in_ip" varchar(255), "last_sign_in_ip" varchar(255), "created_at" datetime NOT NULL, "updated_at" datetime NOT NULL) 
  [1m[36m (1.2ms)[0m  [1mCREATE UNIQUE INDEX "index_users_on_email" ON "users" ("email")[0m
  [1m[35m (0.2ms)[0m  CREATE UNIQUE INDEX "index_users_on_reset_password_token" ON "users" ("reset_password_token")
  [1m[36m (0.1ms)[0m  [1mINSERT INTO "schema_migrations" ("version") VALUES ('20150228014330')[0m
  [1m[35m (0.9ms)[0m  commit transaction
Migrating to AddDetailsToUsers (20150228112510)
  [1m[36m (0.0ms)[0m  [1mbegin transaction[0m
  [1m[35m (0.4ms)[0m  ALTER TABLE "users" ADD "name" varchar(255)
  [1m[36m (0.1ms)[0m  [1mALTER TABLE "users" ADD "phone" decimal[0m
  [1m[35m (0.1ms)[0m  ALTER TABLE "users" ADD "address" text
  [1m[36m (0.1ms)[0m  [1mALTER TABLE "users" ADD "admin" boolean[0m
  [1m[35m (0.1ms)[0m  ALTER TABLE "users" ADD "key" varchar(255)
  [1m[36m (0.1ms)[0m  [1mINSERT INTO "schema_migrations" ("version") VALUES ('20150228112510')[0m
  [1m[35m (0.7ms)[0m  commit transaction
Migrating to CreateItems (20150308031006)
  [1m[36m (0.0ms)[0m  [1mbegin transaction[0m
  [1m[35m (0.3ms)[0m  CREATE TABLE "items" ("id" INTEGER PRIMARY KEY AUTOINCREMENT NOT NULL, "name" varchar(255), "desc" text, "price" decimal, "category" varchar(255), "created_at" datetime NOT NULL, "updated_at" datetime NOT NULL) 
  [1m[36m (0.1ms)[0m  [1mINSERT INTO "schema_migrations" ("version") VALUES ('20150308031006')[0m
  [1m[35m (0.7ms)[0m  commit transaction
  [1m[36m (0.1ms)[0m  [1mSELECT "schema_migrations"."version" FROM "schema_migrations" [0m
Connecting to database specified by database.yml
  [1m[36m (1.9ms)[0m  [1mselect sqlite_version(*)[0m
  [1m[35m (1.4ms)[0m  DROP TABLE "items"
  [1m[36m (0.8ms)[0m  [1mCREATE TABLE "items" ("id" INTEGER PRIMARY KEY AUTOINCREMENT NOT NULL, "name" varchar(255), "desc" text, "price" decimal, "category" varchar(255), "created_at" datetime NOT NULL, "updated_at" datetime NOT NULL) [0m
  [1m[35m (1.0ms)[0m  DROP TABLE "users"
  [1m[36m (1.0ms)[0m  [1mCREATE TABLE "users" ("id" INTEGER PRIMARY KEY AUTOINCREMENT NOT NULL, "email" varchar(255) DEFAULT '' NOT NULL, "encrypted_password" varchar(255) DEFAULT '' NOT NULL, "reset_password_token" varchar(255), "reset_password_sent_at" datetime, "remember_created_at" datetime, "sign_in_count" integer DEFAULT 0 NOT NULL, "current_sign_in_at" datetime, "last_sign_in_at" datetime, "current_sign_in_ip" varchar(255), "last_sign_in_ip" varchar(255), "created_at" datetime NOT NULL, "updated_at" datetime NOT NULL, "name" varchar(255), "phone" decimal, "address" text, "admin" boolean, "key" varchar(255)) [0m
  [1m[35m (1.0ms)[0m  CREATE UNIQUE INDEX "index_users_on_email" ON "users" ("email")
  [1m[36m (0.7ms)[0m  [1mCREATE UNIQUE INDEX "index_users_on_reset_password_token" ON "users" ("reset_password_token")[0m
  [1m[35m (0.1ms)[0m  SELECT version FROM "schema_migrations"
  [1m[36m (1.5ms)[0m  [1mSELECT "schema_migrations"."version" FROM "schema_migrations" [0m
Connecting to database specified by database.yml
  [1m[36m (1.6ms)[0m  [1mSELECT "schema_migrations"."version" FROM "schema_migrations" [0m
Migrating to DeviseCreateUsers (20150228014330)
Migrating to AddDetailsToUsers (20150228112510)
Migrating to CreateItems (20150308031006)
  [1m[35m (0.1ms)[0m  select sqlite_version(*)
  [1m[36m (0.1ms)[0m  [1mSELECT "schema_migrations"."version" FROM "schema_migrations" [0m
Connecting to database specified by database.yml


Started GET "/admin/items" for 127.0.0.1 at 2015-03-12 17:04:47 -0700
Processing by Admin::ItemsController#index as HTML
  [1m[36mUser Load (0.1ms)[0m  [1mSELECT "users".* FROM "users" WHERE "users"."id" = 1 LIMIT 1[0m
Completed 401 Unauthorized in 51.6ms


Started GET "/users/sign_in" for 127.0.0.1 at 2015-03-12 17:04:47 -0700
Processing by Devise::SessionsController#new as HTML
  Rendered devise/shared/_links.html.erb (1.9ms)
  Rendered devise/sessions/new.html.erb within layouts/application (13.7ms)
Warning. Error encountered while saving cache /Users/satinderalag/saffron-strand/tmp/cache/sass/e438f41d60573c267a934f6d99f3a5f211d446dc/items.css.scssc: can't dump anonymous class #<Class:0x007ff350e5aa60>
Compiled admin/items.css  (5ms)  (pid 27926)
Warning. Error encountered while saving cache /Users/satinderalag/saffron-strand/tmp/cache/sass/e438f41d60573c267a934f6d99f3a5f211d446dc/menu.css.scssc: can't dump anonymous class #<Class:0x007ff350e5aa60>
Compiled admin/menu.css  (1ms)  (pid 27926)
Warning. Error encountered while saving cache /Users/satinderalag/saffron-strand/tmp/cache/sass/62df17699c1ada4f466f7fef4bbecab3dbc843d8/items.css.scssc: can't dump anonymous class #<Class:0x007ff350e5aa60>
Compiled items.css  (1ms)  (pid 27926)
Warning. Error encountered while saving cache /Users/satinderalag/saffron-strand/tmp/cache/sass/62df17699c1ada4f466f7fef4bbecab3dbc843d8/welcome.css.scssc: can't dump anonymous class #<Class:0x007ff350e5aa60>
Compiled welcome.css  (2ms)  (pid 27926)
Compiled application.css  (63ms)  (pid 27926)
Compiled jquery.js  (2ms)  (pid 27926)
Compiled jquery_ujs.js  (0ms)  (pid 27926)
Compiled items.js  (69ms)  (pid 27926)
Compiled welcome.js  (37ms)  (pid 27926)
Compiled application.js  (200ms)  (pid 27926)
Completed 200 OK in 362.7ms (Views: 347.0ms | ActiveRecord: 0.0ms)


Started GET "/assets/items.css?body=1" for 127.0.0.1 at 2015-03-12 17:04:48 -0700
Served asset /items.css - 304 Not Modified (3ms)


Started GET "/assets/welcome.css?body=1" for 127.0.0.1 at 2015-03-12 17:04:48 -0700
Served asset /welcome.css - 304 Not Modified (1ms)


Started GET "/assets/jquery.js?body=1" for 127.0.0.1 at 2015-03-12 17:04:48 -0700
Served asset /jquery.js - 304 Not Modified (3ms)


Started GET "/assets/application.css?body=1" for 127.0.0.1 at 2015-03-12 17:04:48 -0700
Served asset /application.css - 304 Not Modified (4ms)


Started GET "/assets/admin/items.css?body=1" for 127.0.0.1 at 2015-03-12 17:04:48 -0700
Served asset /admin/items.css - 304 Not Modified (1ms)


Started GET "/assets/admin/menu.css?body=1" for 127.0.0.1 at 2015-03-12 17:04:48 -0700
Served asset /admin/menu.css - 304 Not Modified (1ms)


Started GET "/users/starter-template.css" for 127.0.0.1 at 2015-03-12 17:04:48 -0700

ActionController::RoutingError (No route matches [GET] "/users/starter-template.css"):
  actionpack (3.2.16) lib/action_dispatch/middleware/debug_exceptions.rb:21:in `call'
  actionpack (3.2.16) lib/action_dispatch/middleware/show_exceptions.rb:56:in `call'
  railties (3.2.16) lib/rails/rack/logger.rb:32:in `call_app'
  railties (3.2.16) lib/rails/rack/logger.rb:16:in `block in call'
  activesupport (3.2.16) lib/active_support/tagged_logging.rb:22:in `tagged'
  railties (3.2.16) lib/rails/rack/logger.rb:16:in `call'
  actionpack (3.2.16) lib/action_dispatch/middleware/request_id.rb:22:in `call'
  rack (1.4.5) lib/rack/methodoverride.rb:21:in `call'
  rack (1.4.5) lib/rack/runtime.rb:17:in `call'
  activesupport (3.2.16) lib/active_support/cache/strategy/local_cache.rb:72:in `call'
  rack (1.4.5) lib/rack/lock.rb:15:in `call'
  actionpack (3.2.16) lib/action_dispatch/middleware/static.rb:63:in `call'
  railties (3.2.16) lib/rails/engine.rb:484:in `call'
  railties (3.2.16) lib/rails/application.rb:231:in `call'
  rack (1.4.5) lib/rack/content_length.rb:14:in `call'
  railties (3.2.16) lib/rails/rack/log_tailer.rb:17:in `call'
  rack (1.4.5) lib/rack/handler/webrick.rb:59:in `service'
  /Users/satinderalag/.rvm/rubies/ruby-1.9.3-p551/lib/ruby/1.9.1/webrick/httpserver.rb:138:in `service'
  /Users/satinderalag/.rvm/rubies/ruby-1.9.3-p551/lib/ruby/1.9.1/webrick/httpserver.rb:94:in `run'
  /Users/satinderalag/.rvm/rubies/ruby-1.9.3-p551/lib/ruby/1.9.1/webrick/server.rb:191:in `block in start_thread'


  Rendered /Users/satinderalag/.rvm/gems/ruby-1.9.3-p551@rails-3.2.16/gems/actionpack-3.2.16/lib/action_dispatch/middleware/templates/rescues/routing_error.erb within rescues/layout (0.8ms)


Started GET "/assets/jquery_ujs.js?body=1" for 127.0.0.1 at 2015-03-12 17:04:48 -0700
Served asset /jquery_ujs.js - 304 Not Modified (2ms)


Started GET "/assets/items.js?body=1" for 127.0.0.1 at 2015-03-12 17:04:48 -0700
Served asset /items.js - 304 Not Modified (2ms)


Started GET "/assets/welcome.js?body=1" for 127.0.0.1 at 2015-03-12 17:04:48 -0700
Served asset /welcome.js - 304 Not Modified (1ms)


Started GET "/assets/application.js?body=1" for 127.0.0.1 at 2015-03-12 17:04:48 -0700
Served asset /application.js - 304 Not Modified (4ms)


Started POST "/users/sign_in" for 127.0.0.1 at 2015-03-12 17:04:55 -0700
Processing by Devise::SessionsController#create as HTML
  Parameters: {"utf8"=>"✓", "authenticity_token"=>"yqBrPQ+d9duvFw67iOY14ZnHTp8oHuLc7GyUiNSW6LQ=", "user"=>{"email"=>"test@test.com", "password"=>"[FILTERED]", "remember_me"=>"0"}, "commit"=>"Log in"}
  [1m[35mUser Load (0.2ms)[0m  SELECT "users".* FROM "users" WHERE "users"."email" = 'test@test.com' LIMIT 1
Completed 401 Unauthorized in 6.2ms
Processing by Devise::SessionsController#new as HTML
  Parameters: {"utf8"=>"✓", "authenticity_token"=>"yqBrPQ+d9duvFw67iOY14ZnHTp8oHuLc7GyUiNSW6LQ=", "user"=>{"email"=>"test@test.com", "password"=>"[FILTERED]", "remember_me"=>"0"}, "commit"=>"Log in"}
  Rendered devise/shared/_links.html.erb (0.3ms)
  Rendered devise/sessions/new.html.erb within layouts/application (2.8ms)
Completed 200 OK in 81.6ms (Views: 6.6ms | ActiveRecord: 0.0ms)


Started GET "/assets/admin/items.css?body=1" for 127.0.0.1 at 2015-03-12 17:04:55 -0700
Served asset /admin/items.css - 304 Not Modified (0ms)


Started GET "/assets/items.css?body=1" for 127.0.0.1 at 2015-03-12 17:04:55 -0700
Served asset /items.css - 304 Not Modified (0ms)


Started GET "/assets/admin/menu.css?body=1" for 127.0.0.1 at 2015-03-12 17:04:55 -0700
Served asset /admin/menu.css - 304 Not Modified (0ms)


Started GET "/assets/welcome.css?body=1" for 127.0.0.1 at 2015-03-12 17:04:55 -0700
Served asset /welcome.css - 304 Not Modified (0ms)


Started GET "/assets/jquery.js?body=1" for 127.0.0.1 at 2015-03-12 17:04:55 -0700
Served asset /jquery.js - 304 Not Modified (0ms)


Started GET "/assets/application.css?body=1" for 127.0.0.1 at 2015-03-12 17:04:55 -0700
Served asset /application.css - 304 Not Modified (0ms)


Started GET "/users/starter-template.css" for 127.0.0.1 at 2015-03-12 17:04:55 -0700

ActionController::RoutingError (No route matches [GET] "/users/starter-template.css"):
  actionpack (3.2.16) lib/action_dispatch/middleware/debug_exceptions.rb:21:in `call'
  actionpack (3.2.16) lib/action_dispatch/middleware/show_exceptions.rb:56:in `call'
  railties (3.2.16) lib/rails/rack/logger.rb:32:in `call_app'
  railties (3.2.16) lib/rails/rack/logger.rb:16:in `block in call'
  activesupport (3.2.16) lib/active_support/tagged_logging.rb:22:in `tagged'
  railties (3.2.16) lib/rails/rack/logger.rb:16:in `call'
  actionpack (3.2.16) lib/action_dispatch/middleware/request_id.rb:22:in `call'
  rack (1.4.5) lib/rack/methodoverride.rb:21:in `call'
  rack (1.4.5) lib/rack/runtime.rb:17:in `call'
  activesupport (3.2.16) lib/active_support/cache/strategy/local_cache.rb:72:in `call'
  rack (1.4.5) lib/rack/lock.rb:15:in `call'
  actionpack (3.2.16) lib/action_dispatch/middleware/static.rb:63:in `call'
  railties (3.2.16) lib/rails/engine.rb:484:in `call'
  railties (3.2.16) lib/rails/application.rb:231:in `call'
  rack (1.4.5) lib/rack/content_length.rb:14:in `call'
  railties (3.2.16) lib/rails/rack/log_tailer.rb:17:in `call'
  rack (1.4.5) lib/rack/handler/webrick.rb:59:in `service'
  /Users/satinderalag/.rvm/rubies/ruby-1.9.3-p551/lib/ruby/1.9.1/webrick/httpserver.rb:138:in `service'
  /Users/satinderalag/.rvm/rubies/ruby-1.9.3-p551/lib/ruby/1.9.1/webrick/httpserver.rb:94:in `run'
  /Users/satinderalag/.rvm/rubies/ruby-1.9.3-p551/lib/ruby/1.9.1/webrick/server.rb:191:in `block in start_thread'


  Rendered /Users/satinderalag/.rvm/gems/ruby-1.9.3-p551@rails-3.2.16/gems/actionpack-3.2.16/lib/action_dispatch/middleware/templates/rescues/routing_error.erb within rescues/layout (0.5ms)


Started GET "/assets/jquery_ujs.js?body=1" for 127.0.0.1 at 2015-03-12 17:04:55 -0700
Served asset /jquery_ujs.js - 304 Not Modified (0ms)


Started GET "/assets/items.js?body=1" for 127.0.0.1 at 2015-03-12 17:04:55 -0700
Served asset /items.js - 304 Not Modified (0ms)


Started GET "/assets/application.js?body=1" for 127.0.0.1 at 2015-03-12 17:04:55 -0700
Served asset /application.js - 304 Not Modified (0ms)


Started GET "/assets/welcome.js?body=1" for 127.0.0.1 at 2015-03-12 17:04:55 -0700
Served asset /welcome.js - 304 Not Modified (0ms)


Started POST "/users/sign_in" for 127.0.0.1 at 2015-03-12 17:04:58 -0700
Processing by Devise::SessionsController#create as HTML
  Parameters: {"utf8"=>"✓", "authenticity_token"=>"yqBrPQ+d9duvFw67iOY14ZnHTp8oHuLc7GyUiNSW6LQ=", "user"=>{"email"=>"test@test.com", "password"=>"[FILTERED]", "remember_me"=>"0"}, "commit"=>"Log in"}
  [1m[36mUser Load (0.1ms)[0m  [1mSELECT "users".* FROM "users" WHERE "users"."email" = 'test@test.com' LIMIT 1[0m
Completed 401 Unauthorized in 1.0ms
Processing by Devise::SessionsController#new as HTML
  Parameters: {"utf8"=>"✓", "authenticity_token"=>"yqBrPQ+d9duvFw67iOY14ZnHTp8oHuLc7GyUiNSW6LQ=", "user"=>{"email"=>"test@test.com", "password"=>"[FILTERED]", "remember_me"=>"0"}, "commit"=>"Log in"}
  Rendered devise/shared/_links.html.erb (0.2ms)
  Rendered devise/sessions/new.html.erb within layouts/application (2.5ms)
Completed 200 OK in 78.6ms (Views: 6.1ms | ActiveRecord: 0.0ms)


Started GET "/assets/application.css?body=1" for 127.0.0.1 at 2015-03-12 17:04:59 -0700
Served asset /application.css - 304 Not Modified (0ms)


Started GET "/assets/admin/menu.css?body=1" for 127.0.0.1 at 2015-03-12 17:04:59 -0700
Served asset /admin/menu.css - 304 Not Modified (0ms)


Started GET "/assets/items.css?body=1" for 127.0.0.1 at 2015-03-12 17:04:59 -0700
Served asset /items.css - 304 Not Modified (0ms)


Started GET "/assets/admin/items.css?body=1" for 127.0.0.1 at 2015-03-12 17:04:59 -0700
Served asset /admin/items.css - 304 Not Modified (0ms)


Started GET "/assets/jquery.js?body=1" for 127.0.0.1 at 2015-03-12 17:04:59 -0700
Served asset /jquery.js - 304 Not Modified (0ms)


Started GET "/assets/welcome.css?body=1" for 127.0.0.1 at 2015-03-12 17:04:59 -0700
Served asset /welcome.css - 304 Not Modified (0ms)


Started GET "/assets/jquery_ujs.js?body=1" for 127.0.0.1 at 2015-03-12 17:04:59 -0700
Served asset /jquery_ujs.js - 304 Not Modified (0ms)


Started GET "/users/starter-template.css" for 127.0.0.1 at 2015-03-12 17:04:59 -0700

ActionController::RoutingError (No route matches [GET] "/users/starter-template.css"):
  actionpack (3.2.16) lib/action_dispatch/middleware/debug_exceptions.rb:21:in `call'
  actionpack (3.2.16) lib/action_dispatch/middleware/show_exceptions.rb:56:in `call'
  railties (3.2.16) lib/rails/rack/logger.rb:32:in `call_app'
  railties (3.2.16) lib/rails/rack/logger.rb:16:in `block in call'
  activesupport (3.2.16) lib/active_support/tagged_logging.rb:22:in `tagged'
  railties (3.2.16) lib/rails/rack/logger.rb:16:in `call'
  actionpack (3.2.16) lib/action_dispatch/middleware/request_id.rb:22:in `call'
  rack (1.4.5) lib/rack/methodoverride.rb:21:in `call'
  rack (1.4.5) lib/rack/runtime.rb:17:in `call'
  activesupport (3.2.16) lib/active_support/cache/strategy/local_cache.rb:72:in `call'
  rack (1.4.5) lib/rack/lock.rb:15:in `call'
  actionpack (3.2.16) lib/action_dispatch/middleware/static.rb:63:in `call'
  railties (3.2.16) lib/rails/engine.rb:484:in `call'
  railties (3.2.16) lib/rails/application.rb:231:in `call'
  rack (1.4.5) lib/rack/content_length.rb:14:in `call'
  railties (3.2.16) lib/rails/rack/log_tailer.rb:17:in `call'
  rack (1.4.5) lib/rack/handler/webrick.rb:59:in `service'
  /Users/satinderalag/.rvm/rubies/ruby-1.9.3-p551/lib/ruby/1.9.1/webrick/httpserver.rb:138:in `service'
  /Users/satinderalag/.rvm/rubies/ruby-1.9.3-p551/lib/ruby/1.9.1/webrick/httpserver.rb:94:in `run'
  /Users/satinderalag/.rvm/rubies/ruby-1.9.3-p551/lib/ruby/1.9.1/webrick/server.rb:191:in `block in start_thread'


  Rendered /Users/satinderalag/.rvm/gems/ruby-1.9.3-p551@rails-3.2.16/gems/actionpack-3.2.16/lib/action_dispatch/middleware/templates/rescues/routing_error.erb within rescues/layout (0.7ms)


Started GET "/assets/items.js?body=1" for 127.0.0.1 at 2015-03-12 17:04:59 -0700
Served asset /items.js - 304 Not Modified (0ms)


Started GET "/assets/application.js?body=1" for 127.0.0.1 at 2015-03-12 17:04:59 -0700
Served asset /application.js - 304 Not Modified (0ms)


Started GET "/assets/welcome.js?body=1" for 127.0.0.1 at 2015-03-12 17:04:59 -0700
Served asset /welcome.js - 304 Not Modified (0ms)


Started GET "/users/sign_up" for 127.0.0.1 at 2015-03-12 17:05:01 -0700
Processing by Devise::RegistrationsController#new as HTML
  Rendered devise/shared/_links.html.erb (2.2ms)
  Rendered devise/registrations/new.html.erb within layouts/application (10.9ms)
Completed 200 OK in 17.4ms (Views: 16.7ms | ActiveRecord: 0.0ms)


Started GET "/assets/application.css?body=1" for 127.0.0.1 at 2015-03-12 17:05:01 -0700
Served asset /application.css - 304 Not Modified (0ms)


Started GET "/assets/admin/items.css?body=1" for 127.0.0.1 at 2015-03-12 17:05:01 -0700
Served asset /admin/items.css - 304 Not Modified (0ms)


Started GET "/assets/items.css?body=1" for 127.0.0.1 at 2015-03-12 17:05:01 -0700
Served asset /items.css - 304 Not Modified (0ms)


Started GET "/assets/jquery.js?body=1" for 127.0.0.1 at 2015-03-12 17:05:01 -0700
Served asset /jquery.js - 304 Not Modified (0ms)


Started GET "/assets/admin/menu.css?body=1" for 127.0.0.1 at 2015-03-12 17:05:01 -0700
Served asset /admin/menu.css - 304 Not Modified (0ms)


Started GET "/assets/welcome.css?body=1" for 127.0.0.1 at 2015-03-12 17:05:01 -0700
Served asset /welcome.css - 304 Not Modified (0ms)


Started GET "/users/starter-template.css" for 127.0.0.1 at 2015-03-12 17:05:01 -0700

ActionController::RoutingError (No route matches [GET] "/users/starter-template.css"):
  actionpack (3.2.16) lib/action_dispatch/middleware/debug_exceptions.rb:21:in `call'
  actionpack (3.2.16) lib/action_dispatch/middleware/show_exceptions.rb:56:in `call'
  railties (3.2.16) lib/rails/rack/logger.rb:32:in `call_app'
  railties (3.2.16) lib/rails/rack/logger.rb:16:in `block in call'
  activesupport (3.2.16) lib/active_support/tagged_logging.rb:22:in `tagged'
  railties (3.2.16) lib/rails/rack/logger.rb:16:in `call'
  actionpack (3.2.16) lib/action_dispatch/middleware/request_id.rb:22:in `call'
  rack (1.4.5) lib/rack/methodoverride.rb:21:in `call'
  rack (1.4.5) lib/rack/runtime.rb:17:in `call'
  activesupport (3.2.16) lib/active_support/cache/strategy/local_cache.rb:72:in `call'
  rack (1.4.5) lib/rack/lock.rb:15:in `call'
  actionpack (3.2.16) lib/action_dispatch/middleware/static.rb:63:in `call'
  railties (3.2.16) lib/rails/engine.rb:484:in `call'
  railties (3.2.16) lib/rails/application.rb:231:in `call'
  rack (1.4.5) lib/rack/content_length.rb:14:in `call'
  railties (3.2.16) lib/rails/rack/log_tailer.rb:17:in `call'
  rack (1.4.5) lib/rack/handler/webrick.rb:59:in `service'
  /Users/satinderalag/.rvm/rubies/ruby-1.9.3-p551/lib/ruby/1.9.1/webrick/httpserver.rb:138:in `service'
  /Users/satinderalag/.rvm/rubies/ruby-1.9.3-p551/lib/ruby/1.9.1/webrick/httpserver.rb:94:in `run'
  /Users/satinderalag/.rvm/rubies/ruby-1.9.3-p551/lib/ruby/1.9.1/webrick/server.rb:191:in `block in start_thread'


  Rendered /Users/satinderalag/.rvm/gems/ruby-1.9.3-p551@rails-3.2.16/gems/actionpack-3.2.16/lib/action_dispatch/middleware/templates/rescues/routing_error.erb within rescues/layout (0.8ms)


Started GET "/assets/jquery_ujs.js?body=1" for 127.0.0.1 at 2015-03-12 17:05:01 -0700
Served asset /jquery_ujs.js - 304 Not Modified (0ms)


Started GET "/assets/items.js?body=1" for 127.0.0.1 at 2015-03-12 17:05:01 -0700
Served asset /items.js - 304 Not Modified (0ms)


Started GET "/assets/welcome.js?body=1" for 127.0.0.1 at 2015-03-12 17:05:01 -0700
Served asset /welcome.js - 304 Not Modified (0ms)


Started GET "/assets/application.js?body=1" for 127.0.0.1 at 2015-03-12 17:05:01 -0700
Served asset /application.js - 304 Not Modified (0ms)


Started POST "/users" for 127.0.0.1 at 2015-03-12 17:05:21 -0700
Processing by Devise::RegistrationsController#create as HTML
  Parameters: {"utf8"=>"✓", "authenticity_token"=>"yqBrPQ+d9duvFw67iOY14ZnHTp8oHuLc7GyUiNSW6LQ=", "user"=>{"name"=>"djjb", "email"=>"test@test.com", "phone"=>"39492", "address"=>"hfj", "key"=>"saffron", "password"=>"[FILTERED]", "password_confirmation"=>"[FILTERED]"}, "commit"=>"Sign up"}
  [1m[35m (0.1ms)[0m  begin transaction
  [1m[36mUser Exists (0.1ms)[0m  [1mSELECT 1 AS one FROM "users" WHERE "users"."email" = 'test@test.com' LIMIT 1[0m
Binary data inserted for `string` type on column `encrypted_password`
  [1m[35mSQL (3.5ms)[0m  INSERT INTO "users" ("address", "admin", "created_at", "current_sign_in_at", "current_sign_in_ip", "email", "encrypted_password", "key", "last_sign_in_at", "last_sign_in_ip", "name", "phone", "remember_created_at", "reset_password_sent_at", "reset_password_token", "sign_in_count", "updated_at") VALUES (?, ?, ?, ?, ?, ?, ?, ?, ?, ?, ?, ?, ?, ?, ?, ?, ?)  [["address", "hfj"], ["admin", nil], ["created_at", Fri, 13 Mar 2015 00:05:21 UTC +00:00], ["current_sign_in_at", nil], ["current_sign_in_ip", nil], ["email", "test@test.com"], ["encrypted_password", "$2a$10$qAC5gBTwcgnW3di9BW/Jp.UkGimcm89DGH4KtlguKHbz1Ooohaumm"], ["key", "saffron"], ["last_sign_in_at", nil], ["last_sign_in_ip", nil], ["name", "djjb"], ["phone", #<BigDecimal:7ff353f80518,'0.39492E5',9(18)>], ["remember_created_at", nil], ["reset_password_sent_at", nil], ["reset_password_token", nil], ["sign_in_count", 0], ["updated_at", Fri, 13 Mar 2015 00:05:21 UTC +00:00]]
  [1m[36m (0.8ms)[0m  [1mcommit transaction[0m
  [1m[35m (0.0ms)[0m  begin transaction
  [1m[36m (0.3ms)[0m  [1mUPDATE "users" SET "last_sign_in_at" = '2015-03-13 00:05:21.182162', "current_sign_in_at" = '2015-03-13 00:05:21.182162', "last_sign_in_ip" = '127.0.0.1', "current_sign_in_ip" = '127.0.0.1', "sign_in_count" = 1, "updated_at" = '2015-03-13 00:05:21.182845' WHERE "users"."id" = 1[0m
  [1m[35m (0.7ms)[0m  commit transaction
Redirected to http://localhost:3000/admin/items
Completed 302 Found in 158.4ms (ActiveRecord: 0.0ms)


Started GET "/admin/items" for 127.0.0.1 at 2015-03-12 17:05:21 -0700
Processing by Admin::ItemsController#index as HTML
  [1m[36mUser Load (0.2ms)[0m  [1mSELECT "users".* FROM "users" WHERE "users"."id" = 1 LIMIT 1[0m
  [1m[35mItem Load (0.1ms)[0m  SELECT "items".* FROM "items" 
  [1m[36mItem Load (0.1ms)[0m  [1mSELECT "items".* FROM "items" WHERE "items"."category" IN ('Breakfast', 'Lunch', 'Dinner')[0m
  Rendered admin/items/index.html.haml within layouts/application (4.5ms)
Completed 200 OK in 10.9ms (Views: 8.1ms | ActiveRecord: 0.6ms)


Started GET "/assets/application.css?body=1" for 127.0.0.1 at 2015-03-12 17:05:21 -0700
Served asset /application.css - 304 Not Modified (0ms)


Started GET "/assets/admin/items.css?body=1" for 127.0.0.1 at 2015-03-12 17:05:21 -0700
Served asset /admin/items.css - 304 Not Modified (0ms)


Started GET "/assets/items.css?body=1" for 127.0.0.1 at 2015-03-12 17:05:21 -0700
Served asset /items.css - 304 Not Modified (0ms)


Started GET "/assets/admin/menu.css?body=1" for 127.0.0.1 at 2015-03-12 17:05:21 -0700
Served asset /admin/menu.css - 304 Not Modified (0ms)


Started GET "/assets/jquery.js?body=1" for 127.0.0.1 at 2015-03-12 17:05:21 -0700
Served asset /jquery.js - 304 Not Modified (0ms)


Started GET "/assets/welcome.css?body=1" for 127.0.0.1 at 2015-03-12 17:05:21 -0700
Served asset /welcome.css - 304 Not Modified (0ms)


Started GET "/assets/jquery_ujs.js?body=1" for 127.0.0.1 at 2015-03-12 17:05:21 -0700
Served asset /jquery_ujs.js - 304 Not Modified (0ms)


Started GET "/assets/items.js?body=1" for 127.0.0.1 at 2015-03-12 17:05:21 -0700
Served asset /items.js - 304 Not Modified (0ms)


Started GET "/assets/welcome.js?body=1" for 127.0.0.1 at 2015-03-12 17:05:21 -0700
Served asset /welcome.js - 304 Not Modified (0ms)


Started GET "/assets/application.js?body=1" for 127.0.0.1 at 2015-03-12 17:05:21 -0700
Served asset /application.js - 304 Not Modified (0ms)


Started GET "/admin/items/new" for 127.0.0.1 at 2015-03-12 17:05:27 -0700
Processing by Admin::ItemsController#new as HTML
  [1m[35mUser Load (0.2ms)[0m  SELECT "users".* FROM "users" WHERE "users"."id" = 1 LIMIT 1
  Rendered admin/items/new.html.haml within layouts/application (8.1ms)
Completed 200 OK in 16.3ms (Views: 14.9ms | ActiveRecord: 0.2ms)


Started GET "/assets/application.css?body=1" for 127.0.0.1 at 2015-03-12 17:05:28 -0700
Served asset /application.css - 304 Not Modified (0ms)


Started GET "/assets/items.css?body=1" for 127.0.0.1 at 2015-03-12 17:05:28 -0700
Served asset /items.css - 304 Not Modified (0ms)


Started GET "/assets/admin/items.css?body=1" for 127.0.0.1 at 2015-03-12 17:05:28 -0700
Served asset /admin/items.css - 304 Not Modified (0ms)


Started GET "/assets/jquery.js?body=1" for 127.0.0.1 at 2015-03-12 17:05:28 -0700
Served asset /jquery.js - 304 Not Modified (0ms)


Started GET "/assets/welcome.css?body=1" for 127.0.0.1 at 2015-03-12 17:05:28 -0700
Served asset /welcome.css - 304 Not Modified (0ms)


Started GET "/assets/admin/menu.css?body=1" for 127.0.0.1 at 2015-03-12 17:05:28 -0700
Served asset /admin/menu.css - 304 Not Modified (0ms)


Started GET "/assets/welcome.js?body=1" for 127.0.0.1 at 2015-03-12 17:05:28 -0700
Served asset /welcome.js - 304 Not Modified (0ms)


Started GET "/assets/items.js?body=1" for 127.0.0.1 at 2015-03-12 17:05:28 -0700
Served asset /items.js - 304 Not Modified (0ms)


Started GET "/assets/jquery_ujs.js?body=1" for 127.0.0.1 at 2015-03-12 17:05:28 -0700
Served asset /jquery_ujs.js - 304 Not Modified (0ms)


Started GET "/assets/application.js?body=1" for 127.0.0.1 at 2015-03-12 17:05:28 -0700
Served asset /application.js - 304 Not Modified (0ms)


Started POST "/admin/items" for 127.0.0.1 at 2015-03-12 17:05:33 -0700
Processing by Admin::ItemsController#create as HTML
  Parameters: {"utf8"=>"✓", "authenticity_token"=>"yqBrPQ+d9duvFw67iOY14ZnHTp8oHuLc7GyUiNSW6LQ=", "item"=>{"name"=>"ahdfh", "desc"=>"hjebf", "price"=>"848", "category"=>"Breakfast"}, "commit"=>"Create Item"}
  [1m[36mUser Load (0.4ms)[0m  [1mSELECT "users".* FROM "users" WHERE "users"."id" = 1 LIMIT 1[0m
  [1m[35m (0.2ms)[0m  begin transaction
  [1m[36mSQL (0.5ms)[0m  [1mINSERT INTO "items" ("category", "created_at", "desc", "name", "price", "updated_at") VALUES (?, ?, ?, ?, ?, ?)[0m  [["category", "Breakfast"], ["created_at", Fri, 13 Mar 2015 00:05:33 UTC +00:00], ["desc", "hjebf"], ["name", "ahdfh"], ["price", #<BigDecimal:7ff353a79d30,'0.848E3',9(18)>], ["updated_at", Fri, 13 Mar 2015 00:05:33 UTC +00:00]]
  [1m[35m (0.7ms)[0m  commit transaction
Redirected to http://localhost:3000/admin/items
Completed 302 Found in 20.9ms (ActiveRecord: 1.7ms)


Started GET "/admin/items" for 127.0.0.1 at 2015-03-12 17:05:33 -0700
Processing by Admin::ItemsController#index as HTML
  [1m[36mUser Load (0.3ms)[0m  [1mSELECT "users".* FROM "users" WHERE "users"."id" = 1 LIMIT 1[0m
  [1m[35mItem Load (0.1ms)[0m  SELECT "items".* FROM "items" 
  [1m[36mItem Load (0.2ms)[0m  [1mSELECT "items".* FROM "items" WHERE "items"."category" IN ('Breakfast', 'Lunch', 'Dinner')[0m
  Rendered admin/items/index.html.haml within layouts/application (2.3ms)
Completed 200 OK in 7.9ms (Views: 5.3ms | ActiveRecord: 0.5ms)


Started GET "/assets/admin/menu.css?body=1" for 127.0.0.1 at 2015-03-12 17:05:34 -0700
Served asset /admin/menu.css - 304 Not Modified (0ms)


Started GET "/assets/items.css?body=1" for 127.0.0.1 at 2015-03-12 17:05:34 -0700
Served asset /items.css - 304 Not Modified (0ms)


Started GET "/assets/admin/items.css?body=1" for 127.0.0.1 at 2015-03-12 17:05:34 -0700
Served asset /admin/items.css - 304 Not Modified (0ms)


Started GET "/assets/application.css?body=1" for 127.0.0.1 at 2015-03-12 17:05:34 -0700
Served asset /application.css - 304 Not Modified (0ms)


Started GET "/assets/welcome.css?body=1" for 127.0.0.1 at 2015-03-12 17:05:34 -0700
Served asset /welcome.css - 304 Not Modified (0ms)


Started GET "/assets/jquery.js?body=1" for 127.0.0.1 at 2015-03-12 17:05:34 -0700
Served asset /jquery.js - 304 Not Modified (0ms)


Started GET "/assets/jquery_ujs.js?body=1" for 127.0.0.1 at 2015-03-12 17:05:34 -0700
Served asset /jquery_ujs.js - 304 Not Modified (0ms)


Started GET "/assets/application.js?body=1" for 127.0.0.1 at 2015-03-12 17:05:34 -0700
Served asset /application.js - 304 Not Modified (0ms)


Started GET "/assets/items.js?body=1" for 127.0.0.1 at 2015-03-12 17:05:34 -0700
Served asset /items.js - 304 Not Modified (0ms)


Started GET "/assets/welcome.js?body=1" for 127.0.0.1 at 2015-03-12 17:05:34 -0700
Served asset /welcome.js - 304 Not Modified (0ms)


Started GET "/" for 127.0.0.1 at 2015-03-12 17:05:36 -0700
Processing by WelcomeController#index as HTML
  [1m[35mUser Load (0.2ms)[0m  SELECT "users".* FROM "users" WHERE "users"."id" = 1 LIMIT 1
  Rendered welcome/index.html.erb within layouts/application (1.1ms)
Completed 200 OK in 9.3ms (Views: 7.8ms | ActiveRecord: 0.2ms)


Started GET "/assets/application.css?body=1" for 127.0.0.1 at 2015-03-12 17:05:36 -0700
Served asset /application.css - 304 Not Modified (0ms)


Started GET "/assets/admin/items.css?body=1" for 127.0.0.1 at 2015-03-12 17:05:36 -0700
Served asset /admin/items.css - 304 Not Modified (0ms)


Started GET "/assets/items.css?body=1" for 127.0.0.1 at 2015-03-12 17:05:36 -0700
Served asset /items.css - 304 Not Modified (0ms)


Started GET "/assets/welcome.css?body=1" for 127.0.0.1 at 2015-03-12 17:05:36 -0700
Served asset /welcome.css - 304 Not Modified (0ms)


Started GET "/assets/admin/menu.css?body=1" for 127.0.0.1 at 2015-03-12 17:05:36 -0700
Served asset /admin/menu.css - 304 Not Modified (0ms)


Started GET "/assets/jquery.js?body=1" for 127.0.0.1 at 2015-03-12 17:05:36 -0700
Served asset /jquery.js - 304 Not Modified (0ms)


Started GET "/starter-template.css" for 127.0.0.1 at 2015-03-12 17:05:36 -0700

ActionController::RoutingError (No route matches [GET] "/starter-template.css"):
  actionpack (3.2.16) lib/action_dispatch/middleware/debug_exceptions.rb:21:in `call'
  actionpack (3.2.16) lib/action_dispatch/middleware/show_exceptions.rb:56:in `call'
  railties (3.2.16) lib/rails/rack/logger.rb:32:in `call_app'
  railties (3.2.16) lib/rails/rack/logger.rb:16:in `block in call'
  activesupport (3.2.16) lib/active_support/tagged_logging.rb:22:in `tagged'
  railties (3.2.16) lib/rails/rack/logger.rb:16:in `call'
  actionpack (3.2.16) lib/action_dispatch/middleware/request_id.rb:22:in `call'
  rack (1.4.5) lib/rack/methodoverride.rb:21:in `call'
  rack (1.4.5) lib/rack/runtime.rb:17:in `call'
  activesupport (3.2.16) lib/active_support/cache/strategy/local_cache.rb:72:in `call'
  rack (1.4.5) lib/rack/lock.rb:15:in `call'
  actionpack (3.2.16) lib/action_dispatch/middleware/static.rb:63:in `call'
  railties (3.2.16) lib/rails/engine.rb:484:in `call'
  railties (3.2.16) lib/rails/application.rb:231:in `call'
  rack (1.4.5) lib/rack/content_length.rb:14:in `call'
  railties (3.2.16) lib/rails/rack/log_tailer.rb:17:in `call'
  rack (1.4.5) lib/rack/handler/webrick.rb:59:in `service'
  /Users/satinderalag/.rvm/rubies/ruby-1.9.3-p551/lib/ruby/1.9.1/webrick/httpserver.rb:138:in `service'
  /Users/satinderalag/.rvm/rubies/ruby-1.9.3-p551/lib/ruby/1.9.1/webrick/httpserver.rb:94:in `run'
  /Users/satinderalag/.rvm/rubies/ruby-1.9.3-p551/lib/ruby/1.9.1/webrick/server.rb:191:in `block in start_thread'


  Rendered /Users/satinderalag/.rvm/gems/ruby-1.9.3-p551@rails-3.2.16/gems/actionpack-3.2.16/lib/action_dispatch/middleware/templates/rescues/routing_error.erb within rescues/layout (0.5ms)


Started GET "/assets/jquery_ujs.js?body=1" for 127.0.0.1 at 2015-03-12 17:05:36 -0700
Served asset /jquery_ujs.js - 304 Not Modified (0ms)


Started GET "/assets/welcome.js?body=1" for 127.0.0.1 at 2015-03-12 17:05:36 -0700
Served asset /welcome.js - 304 Not Modified (0ms)


Started GET "/assets/items.js?body=1" for 127.0.0.1 at 2015-03-12 17:05:36 -0700
Served asset /items.js - 304 Not Modified (0ms)


Started GET "/assets/application.js?body=1" for 127.0.0.1 at 2015-03-12 17:05:36 -0700
Served asset /application.js - 304 Not Modified (0ms)


Started GET "/menu" for 127.0.0.1 at 2015-03-12 17:05:38 -0700
Processing by ItemsController#index as HTML
  [1m[36mUser Load (0.4ms)[0m  [1mSELECT "users".* FROM "users" WHERE "users"."id" = 1 LIMIT 1[0m
  [1m[35mItem Load (0.2ms)[0m  SELECT "items".* FROM "items" 
  Rendered items/index.html.erb within layouts/application (1.7ms)
Completed 200 OK in 12.2ms (Views: 6.7ms | ActiveRecord: 0.6ms)


Started GET "/assets/admin/items.css?body=1" for 127.0.0.1 at 2015-03-12 17:05:38 -0700
Served asset /admin/items.css - 304 Not Modified (0ms)


Started GET "/assets/admin/menu.css?body=1" for 127.0.0.1 at 2015-03-12 17:05:38 -0700
Served asset /admin/menu.css - 304 Not Modified (0ms)


Started GET "/assets/items.css?body=1" for 127.0.0.1 at 2015-03-12 17:05:38 -0700
Served asset /items.css - 304 Not Modified (0ms)


Started GET "/assets/jquery.js?body=1" for 127.0.0.1 at 2015-03-12 17:05:38 -0700
Served asset /jquery.js - 304 Not Modified (0ms)


Started GET "/assets/welcome.css?body=1" for 127.0.0.1 at 2015-03-12 17:05:38 -0700
Served asset /welcome.css - 304 Not Modified (0ms)


Started GET "/assets/application.css?body=1" for 127.0.0.1 at 2015-03-12 17:05:38 -0700
Served asset /application.css - 304 Not Modified (0ms)


Started GET "/starter-template.css" for 127.0.0.1 at 2015-03-12 17:05:38 -0700

ActionController::RoutingError (No route matches [GET] "/starter-template.css"):
  actionpack (3.2.16) lib/action_dispatch/middleware/debug_exceptions.rb:21:in `call'
  actionpack (3.2.16) lib/action_dispatch/middleware/show_exceptions.rb:56:in `call'
  railties (3.2.16) lib/rails/rack/logger.rb:32:in `call_app'
  railties (3.2.16) lib/rails/rack/logger.rb:16:in `block in call'
  activesupport (3.2.16) lib/active_support/tagged_logging.rb:22:in `tagged'
  railties (3.2.16) lib/rails/rack/logger.rb:16:in `call'
  actionpack (3.2.16) lib/action_dispatch/middleware/request_id.rb:22:in `call'
  rack (1.4.5) lib/rack/methodoverride.rb:21:in `call'
  rack (1.4.5) lib/rack/runtime.rb:17:in `call'
  activesupport (3.2.16) lib/active_support/cache/strategy/local_cache.rb:72:in `call'
  rack (1.4.5) lib/rack/lock.rb:15:in `call'
  actionpack (3.2.16) lib/action_dispatch/middleware/static.rb:63:in `call'
  railties (3.2.16) lib/rails/engine.rb:484:in `call'
  railties (3.2.16) lib/rails/application.rb:231:in `call'
  rack (1.4.5) lib/rack/content_length.rb:14:in `call'
  railties (3.2.16) lib/rails/rack/log_tailer.rb:17:in `call'
  rack (1.4.5) lib/rack/handler/webrick.rb:59:in `service'
  /Users/satinderalag/.rvm/rubies/ruby-1.9.3-p551/lib/ruby/1.9.1/webrick/httpserver.rb:138:in `service'
  /Users/satinderalag/.rvm/rubies/ruby-1.9.3-p551/lib/ruby/1.9.1/webrick/httpserver.rb:94:in `run'
  /Users/satinderalag/.rvm/rubies/ruby-1.9.3-p551/lib/ruby/1.9.1/webrick/server.rb:191:in `block in start_thread'


  Rendered /Users/satinderalag/.rvm/gems/ruby-1.9.3-p551@rails-3.2.16/gems/actionpack-3.2.16/lib/action_dispatch/middleware/templates/rescues/routing_error.erb within rescues/layout (0.5ms)


Started GET "/assets/jquery_ujs.js?body=1" for 127.0.0.1 at 2015-03-12 17:05:38 -0700
Served asset /jquery_ujs.js - 304 Not Modified (0ms)


Started GET "/assets/application.js?body=1" for 127.0.0.1 at 2015-03-12 17:05:38 -0700
Served asset /application.js - 304 Not Modified (0ms)


Started GET "/assets/welcome.js?body=1" for 127.0.0.1 at 2015-03-12 17:05:38 -0700
Served asset /welcome.js - 304 Not Modified (0ms)


Started GET "/assets/items.js?body=1" for 127.0.0.1 at 2015-03-12 17:05:38 -0700
Served asset /items.js - 304 Not Modified (0ms)


Started GET "/items/breakfast" for 127.0.0.1 at 2015-03-12 17:05:41 -0700
Processing by ItemsController#breakfast as HTML
  Parameters: {"authenticity_token"=>"yqBrPQ+d9duvFw67iOY14ZnHTp8oHuLc7GyUiNSW6LQ="}
  [1m[36mUser Load (0.2ms)[0m  [1mSELECT "users".* FROM "users" WHERE "users"."id" = 1 LIMIT 1[0m
  [1m[35mItem Load (0.1ms)[0m  SELECT "items".* FROM "items" WHERE "items"."category" = 'Breakfast'
  Rendered items/breakfast.html.erb within layouts/application (1.6ms)
Completed 200 OK in 7.0ms (Views: 5.4ms | ActiveRecord: 0.3ms)


Started GET "/assets/application.css?body=1" for 127.0.0.1 at 2015-03-12 17:05:41 -0700
Served asset /application.css - 304 Not Modified (0ms)


Started GET "/assets/admin/items.css?body=1" for 127.0.0.1 at 2015-03-12 17:05:41 -0700
Served asset /admin/items.css - 304 Not Modified (0ms)


Started GET "/assets/admin/menu.css?body=1" for 127.0.0.1 at 2015-03-12 17:05:41 -0700
Served asset /admin/menu.css - 304 Not Modified (0ms)


Started GET "/items/starter-template.css" for 127.0.0.1 at 2015-03-12 17:05:41 -0700

ActionController::RoutingError (No route matches [GET] "/items/starter-template.css"):
  actionpack (3.2.16) lib/action_dispatch/middleware/debug_exceptions.rb:21:in `call'
  actionpack (3.2.16) lib/action_dispatch/middleware/show_exceptions.rb:56:in `call'
  railties (3.2.16) lib/rails/rack/logger.rb:32:in `call_app'
  railties (3.2.16) lib/rails/rack/logger.rb:16:in `block in call'
  activesupport (3.2.16) lib/active_support/tagged_logging.rb:22:in `tagged'
  railties (3.2.16) lib/rails/rack/logger.rb:16:in `call'
  actionpack (3.2.16) lib/action_dispatch/middleware/request_id.rb:22:in `call'
  rack (1.4.5) lib/rack/methodoverride.rb:21:in `call'
  rack (1.4.5) lib/rack/runtime.rb:17:in `call'
  activesupport (3.2.16) lib/active_support/cache/strategy/local_cache.rb:72:in `call'
  rack (1.4.5) lib/rack/lock.rb:15:in `call'
  actionpack (3.2.16) lib/action_dispatch/middleware/static.rb:63:in `call'
  railties (3.2.16) lib/rails/engine.rb:484:in `call'
  railties (3.2.16) lib/rails/application.rb:231:in `call'
  rack (1.4.5) lib/rack/content_length.rb:14:in `call'
  railties (3.2.16) lib/rails/rack/log_tailer.rb:17:in `call'
  rack (1.4.5) lib/rack/handler/webrick.rb:59:in `service'
  /Users/satinderalag/.rvm/rubies/ruby-1.9.3-p551/lib/ruby/1.9.1/webrick/httpserver.rb:138:in `service'
  /Users/satinderalag/.rvm/rubies/ruby-1.9.3-p551/lib/ruby/1.9.1/webrick/httpserver.rb:94:in `run'
  /Users/satinderalag/.rvm/rubies/ruby-1.9.3-p551/lib/ruby/1.9.1/webrick/server.rb:191:in `block in start_thread'


  Rendered /Users/satinderalag/.rvm/gems/ruby-1.9.3-p551@rails-3.2.16/gems/actionpack-3.2.16/lib/action_dispatch/middleware/templates/rescues/routing_error.erb within rescues/layout (0.6ms)


Started GET "/assets/jquery.js?body=1" for 127.0.0.1 at 2015-03-12 17:05:41 -0700
Served asset /jquery.js - 304 Not Modified (0ms)


Started GET "/assets/items.css?body=1" for 127.0.0.1 at 2015-03-12 17:05:41 -0700
Served asset /items.css - 304 Not Modified (0ms)


Started GET "/assets/welcome.css?body=1" for 127.0.0.1 at 2015-03-12 17:05:41 -0700
Served asset /welcome.css - 304 Not Modified (0ms)


Started GET "/assets/jquery_ujs.js?body=1" for 127.0.0.1 at 2015-03-12 17:05:41 -0700
Served asset /jquery_ujs.js - 304 Not Modified (0ms)


Started GET "/assets/items.js?body=1" for 127.0.0.1 at 2015-03-12 17:05:41 -0700
Served asset /items.js - 304 Not Modified (0ms)


Started GET "/assets/welcome.js?body=1" for 127.0.0.1 at 2015-03-12 17:05:41 -0700
Served asset /welcome.js - 304 Not Modified (0ms)


Started GET "/assets/application.js?body=1" for 127.0.0.1 at 2015-03-12 17:05:41 -0700
Served asset /application.js - 304 Not Modified (0ms)
